c:\users\xxx\documents\visual studio 2015\projects\interface1.2\interface\debug\vc140.pdb
c:\users\xxx\documents\visual studio 2015\projects\interface1.2\interface\debug\vc140.idb
c:\users\xxx\documents\visual studio 2015\projects\interface1.2\interface\debug\bar.obj
c:\users\xxx\documents\visual studio 2015\projects\interface1.2\interface\debug\circlestruct.obj
c:\users\xxx\documents\visual studio 2015\projects\interface1.2\interface\debug\fillpoly.obj
c:\users\xxx\documents\visual studio 2015\projects\interface1.2\interface\debug\interfacehello.obj
c:\users\xxx\documents\visual studio 2015\projects\interface1.2\interface\debug\line.obj
c:\users\xxx\documents\visual studio 2015\projects\interface1.2\interface\debug\menu.obj
c:\users\xxx\documents\visual studio 2015\projects\interface1.2\interface\debug\mouselineandpoly.obj
c:\users\xxx\documents\visual studio 2015\projects\interface1.2\interface\debug\readfile.obj
c:\users\xxx\documents\visual studio 2015\projects\interface1.2\interface\debug\readshape.obj
c:\users\xxx\documents\visual studio 2015\projects\interface1.2\interface\debug\cac.obj
c:\users\xxx\documents\visual studio 2015\projects\interface1.2\interface\debug\handletrans.obj
c:\users\xxx\documents\visual studio 2015\projects\interface1.2\interface\debug\pixelline.obj
c:\users\xxx\documents\visual studio 2015\projects\interface1.2\debug\interface.ilk
c:\users\xxx\documents\visual studio 2015\projects\interface1.2\debug\interface.exe
c:\users\xxx\documents\visual studio 2015\projects\interface1.2\debug\interface.pdb
c:\users\xxx\documents\visual studio 2015\projects\interface1.2\interface\debug\interface.tlog\cl.command.1.tlog
c:\users\xxx\documents\visual studio 2015\projects\interface1.2\interface\debug\interface.tlog\cl.read.1.tlog
c:\users\xxx\documents\visual studio 2015\projects\interface1.2\interface\debug\interface.tlog\cl.write.1.tlog
c:\users\xxx\documents\visual studio 2015\projects\interface1.2\interface\debug\interface.tlog\link.command.1.tlog
c:\users\xxx\documents\visual studio 2015\projects\interface1.2\interface\debug\interface.tlog\link.read.1.tlog
c:\users\xxx\documents\visual studio 2015\projects\interface1.2\interface\debug\interface.tlog\link.write.1.tlog
